c:\pinakingraphicspad\normalmap\normalmap\debug\tmp\vc120.pdb
c:\pinakingraphicspad\normalmap\normalmap\debug\tmp\vc120.idb
c:\pinakingraphicspad\normalmap\normalmap\debug\tmp\camera.obj
c:\pinakingraphicspad\normalmap\normalmap\debug\tmp\mainer.obj
c:\pinakingraphicspad\normalmap\normalmap\debug\tmp\meglwindow.obj
c:\pinakingraphicspad\normalmap\normalmap\debug\tmp\meglwindow_moc.obj
c:\pinakingraphicspad\normalmap\normalmap\debug\tmp\mewidget.obj
c:\pinakingraphicspad\normalmap\normalmap\debug\tmp\mewidget_moc.obj
c:\pinakingraphicspad\normalmap\normalmap\debug\tmp\debugguimanager.obj
c:\pinakingraphicspad\normalmap\normalmap\debug\tmp\debugguimanager_moc.obj
c:\pinakingraphicspad\normalmap\normalmap\debug\tmp\debugslider.obj
c:\pinakingraphicspad\normalmap\normalmap\debug\tmp\debugslider_moc.obj
c:\pinakingraphicspad\normalmap\normalmap\debug\tmp\shapegenerator.obj
c:\pinakingraphicspad\normalmap\debug\normalmap.ilk
c:\pinakingraphicspad\normalmap\debug\normalmap.exe
c:\pinakingraphicspad\normalmap\debug\normalmap.pdb
c:\pinakingraphicspad\normalmap\normalmap\debug\tmp\normalmap.tlog\cl.command.1.tlog
c:\pinakingraphicspad\normalmap\normalmap\debug\tmp\normalmap.tlog\cl.read.1.tlog
c:\pinakingraphicspad\normalmap\normalmap\debug\tmp\normalmap.tlog\cl.write.1.tlog
c:\pinakingraphicspad\normalmap\normalmap\debug\tmp\normalmap.tlog\link.command.1.tlog
c:\pinakingraphicspad\normalmap\normalmap\debug\tmp\normalmap.tlog\link.read.1.tlog
c:\pinakingraphicspad\normalmap\normalmap\debug\tmp\normalmap.tlog\link.write.1.tlog
